2023-04-26 18:41:52,805 INFO org.springframework.security.web.DefaultSecurityFilterChain [main] Will secure any request with [org.springframework.security.web.session.DisableEncodeUrlFilter@289b7efe, org.springframework.security.web.context.request.async.WebAsyncManagerIntegrationFilter@34ac72c3, org.springframework.security.web.context.SecurityContextPersistenceFilter@1509bd56, org.springframework.security.web.header.HeaderWriterFilter@3aebdb4, org.springframework.security.web.authentication.logout.LogoutFilter@5c450960, kg.mega.rentcarv2.configuration.JWTFilter@3cc5408c, org.springframework.security.web.savedrequest.RequestCacheAwareFilter@466bf366, org.springframework.security.web.servletapi.SecurityContextHolderAwareRequestFilter@33293b34, org.springframework.security.web.authentication.AnonymousAuthenticationFilter@6cd8c373, org.springframework.security.web.session.SessionManagementFilter@3c20abd6, org.springframework.security.web.access.ExceptionTranslationFilter@64a00fe0, org.springframework.security.web.access.intercept.AuthorizationFilter@159a32a4]
2023-04-26 18:41:53,249 INFO org.apache.juli.logging.DirectJDKLog [main] Starting ProtocolHandler ["http-nio-8080"]
2023-04-26 18:41:53,270 INFO org.springframework.boot.web.embedded.tomcat.TomcatWebServer [main] Tomcat started on port(s): 8080 (http) with context path ''
2023-04-26 18:41:53,686 INFO org.springframework.boot.StartupInfoLogger [main] Started RentCarV2Application in 6.014 seconds (JVM running for 6.772)
2023-04-26 18:41:53,695 INFO kg.mega.rentcarv2.util.CarStatusChecker [scheduling-1] Checking status...
2023-04-26 18:42:02,032 INFO org.apache.juli.logging.DirectJDKLog [http-nio-8080-exec-1] Initializing Spring DispatcherServlet 'dispatcherServlet'
2023-04-26 18:42:02,032 INFO org.springframework.web.servlet.FrameworkServlet [http-nio-8080-exec-1] Initializing Servlet 'dispatcherServlet'
2023-04-26 18:42:02,034 INFO org.springframework.web.servlet.FrameworkServlet [http-nio-8080-exec-1] Completed initialization in 2 ms
2023-04-26 18:42:53,842 INFO kg.mega.rentcarv2.util.CarStatusChecker [scheduling-1] Checking status...
2023-04-26 18:43:53,852 INFO kg.mega.rentcarv2.util.CarStatusChecker [scheduling-1] Checking status...
2023-04-26 18:44:53,862 INFO kg.mega.rentcarv2.util.CarStatusChecker [scheduling-1] Checking status...
2023-04-26 18:45:53,874 INFO kg.mega.rentcarv2.util.CarStatusChecker [scheduling-1] Checking status...
2023-04-26 18:46:53,888 INFO kg.mega.rentcarv2.util.CarStatusChecker [scheduling-1] Checking status...
2023-04-26 18:47:53,903 INFO kg.mega.rentcarv2.util.CarStatusChecker [scheduling-1] Checking status...
2023-04-26 18:48:53,913 INFO kg.mega.rentcarv2.util.CarStatusChecker [scheduling-1] Checking status...
2023-04-26 18:49:53,922 INFO kg.mega.rentcarv2.util.CarStatusChecker [scheduling-1] Checking status...
2023-04-26 18:50:53,927 INFO kg.mega.rentcarv2.util.CarStatusChecker [scheduling-1] Checking status...
2023-04-26 18:51:53,941 INFO kg.mega.rentcarv2.util.CarStatusChecker [scheduling-1] Checking status...
2023-04-26 18:52:53,960 INFO kg.mega.rentcarv2.util.CarStatusChecker [scheduling-1] Checking status...
2023-04-26 18:53:53,969 INFO kg.mega.rentcarv2.util.CarStatusChecker [scheduling-1] Checking status...
2023-04-26 18:54:53,978 INFO kg.mega.rentcarv2.util.CarStatusChecker [scheduling-1] Checking status...
2023-04-26 18:55:53,987 INFO kg.mega.rentcarv2.util.CarStatusChecker [scheduling-1] Checking status...
2023-04-26 18:56:54,006 INFO kg.mega.rentcarv2.util.CarStatusChecker [scheduling-1] Checking status...
2023-04-26 18:57:54,015 INFO kg.mega.rentcarv2.util.CarStatusChecker [scheduling-1] Checking status...
2023-04-26 18:58:08,213 INFO org.springframework.orm.jpa.AbstractEntityManagerFactoryBean [SpringApplicationShutdownHook] Closing JPA EntityManagerFactory for persistence unit 'default'
2023-04-26 18:58:08,220 INFO com.zaxxer.hikari.HikariDataSource [SpringApplicationShutdownHook] HikariPool-1 - Shutdown initiated...
2023-04-26 18:58:08,235 INFO com.zaxxer.hikari.HikariDataSource [SpringApplicationShutdownHook] HikariPool-1 - Shutdown completed.
