2023-04-26 15:29:39,092 ERROR org.apache.juli.logging.DirectJDKLog [http-nio-8080-exec-2] Servlet.service() for servlet [dispatcherServlet] in context with path [] threw exception
org.springframework.security.web.firewall.RequestRejectedException: The request was rejected because the URL contained a potentially malicious String "//"
	at org.springframework.security.web.firewall.StrictHttpFirewall.rejectedBlocklistedUrls(StrictHttpFirewall.java:535)
	at org.springframework.security.web.firewall.StrictHttpFirewall.getFirewalledRequest(StrictHttpFirewall.java:505)
	at org.springframework.security.web.FilterChainProxy.doFilterInternal(FilterChainProxy.java:206)
	at org.springframework.security.web.FilterChainProxy.doFilter(FilterChainProxy.java:186)
	at org.springframework.web.filter.DelegatingFilterProxy.invokeDelegate(DelegatingFilterProxy.java:354)
	at org.springframework.web.filter.DelegatingFilterProxy.doFilter(DelegatingFilterProxy.java:267)
	at org.apache.catalina.core.ApplicationFilterChain.internalDoFilter(ApplicationFilterChain.java:178)
	at org.apache.catalina.core.ApplicationFilterChain.doFilter(ApplicationFilterChain.java:153)
	at org.springframework.web.filter.RequestContextFilter.doFilterInternal(RequestContextFilter.java:100)
	at org.springframework.web.filter.OncePerRequestFilter.doFilter(OncePerRequestFilter.java:117)
	at org.apache.catalina.core.ApplicationFilterChain.internalDoFilter(ApplicationFilterChain.java:178)
	at org.apache.catalina.core.ApplicationFilterChain.doFilter(ApplicationFilterChain.java:153)
	at org.springframework.web.filter.FormContentFilter.doFilterInternal(FormContentFilter.java:93)
	at org.springframework.web.filter.OncePerRequestFilter.doFilter(OncePerRequestFilter.java:117)
	at org.apache.catalina.core.ApplicationFilterChain.internalDoFilter(ApplicationFilterChain.java:178)
	at org.apache.catalina.core.ApplicationFilterChain.doFilter(ApplicationFilterChain.java:153)
	at org.springframework.web.filter.CharacterEncodingFilter.doFilterInternal(CharacterEncodingFilter.java:201)
	at org.springframework.web.filter.OncePerRequestFilter.doFilter(OncePerRequestFilter.java:117)
	at org.apache.catalina.core.ApplicationFilterChain.internalDoFilter(ApplicationFilterChain.java:178)
	at org.apache.catalina.core.ApplicationFilterChain.doFilter(ApplicationFilterChain.java:153)
	at org.apache.catalina.core.StandardWrapperValve.invoke(StandardWrapperValve.java:167)
	at org.apache.catalina.core.StandardContextValve.invoke(StandardContextValve.java:90)
	at org.apache.catalina.authenticator.AuthenticatorBase.invoke(AuthenticatorBase.java:492)
	at org.apache.catalina.core.StandardHostValve.invoke(StandardHostValve.java:130)
	at org.apache.catalina.valves.ErrorReportValve.invoke(ErrorReportValve.java:93)
	at org.apache.catalina.core.StandardEngineValve.invoke(StandardEngineValve.java:74)
	at org.apache.catalina.connector.CoyoteAdapter.service(CoyoteAdapter.java:343)
	at org.apache.coyote.http11.Http11Processor.service(Http11Processor.java:389)
	at org.apache.coyote.AbstractProcessorLight.process(AbstractProcessorLight.java:63)
	at org.apache.coyote.AbstractProtocol$ConnectionHandler.process(AbstractProtocol.java:926)
	at org.apache.tomcat.util.net.NioEndpoint$SocketProcessor.doRun(NioEndpoint.java:1791)
	at org.apache.tomcat.util.net.SocketProcessorBase.run(SocketProcessorBase.java:49)
	at org.apache.tomcat.util.threads.ThreadPoolExecutor.runWorker(ThreadPoolExecutor.java:1191)
	at org.apache.tomcat.util.threads.ThreadPoolExecutor$Worker.run(ThreadPoolExecutor.java:659)
	at org.apache.tomcat.util.threads.TaskThread$WrappingRunnable.run(TaskThread.java:61)
	at java.base/java.lang.Thread.run(Thread.java:834)
2023-04-26 15:29:41,481 WARN org.springframework.web.servlet.handler.AbstractHandlerExceptionResolver [http-nio-8080-exec-4] Resolved [org.springframework.web.HttpRequestMethodNotSupportedException: Request method 'GET' not supported]
2023-04-26 15:29:41,492 WARN org.springframework.web.servlet.handler.AbstractHandlerExceptionResolver [http-nio-8080-exec-6] Resolved [org.springframework.web.HttpRequestMethodNotSupportedException: Request method 'GET' not supported]
2023-04-26 15:29:41,500 WARN org.springframework.web.servlet.handler.AbstractHandlerExceptionResolver [http-nio-8080-exec-8] Resolved [org.springframework.web.HttpRequestMethodNotSupportedException: Request method 'GET' not supported]
2023-04-26 15:29:49,241 WARN org.springframework.web.servlet.handler.AbstractHandlerExceptionResolver [http-nio-8080-exec-10] Resolved [org.springframework.web.HttpRequestMethodNotSupportedException: Request method 'GET' not supported]
2023-04-26 15:29:49,252 WARN org.springframework.web.servlet.handler.AbstractHandlerExceptionResolver [http-nio-8080-exec-2] Resolved [org.springframework.web.HttpRequestMethodNotSupportedException: Request method 'GET' not supported]
2023-04-26 15:29:49,262 WARN org.springframework.web.servlet.handler.AbstractHandlerExceptionResolver [http-nio-8080-exec-4] Resolved [org.springframework.web.HttpRequestMethodNotSupportedException: Request method 'GET' not supported]
2023-04-26 15:29:52,373 WARN org.springframework.web.servlet.handler.AbstractHandlerExceptionResolver [http-nio-8080-exec-6] Resolved [org.springframework.web.HttpRequestMethodNotSupportedException: Request method 'GET' not supported]
