2023-04-25 15:12:45,926 INFO org.springframework.boot.StartupInfoLogger [main] Starting RentCarV2Application using Java 11.0.18 on MacBook-Pro-Sanzhar.local with PID 12206 (/Users/sanjar/IdeaProjects/rentCarV2/target/classes started by sanjar in /Users/sanjar/IdeaProjects/rentCarV2)
2023-04-25 15:12:45,931 INFO org.springframework.boot.SpringApplication [main] No active profile set, falling back to 1 default profile: "default"
2023-04-25 15:12:46,939 INFO org.springframework.data.repository.config.RepositoryConfigurationDelegate [main] Bootstrapping Spring Data JPA repositories in DEFAULT mode.
2023-04-25 15:12:47,009 INFO org.springframework.data.repository.config.RepositoryConfigurationDelegate [main] Finished Spring Data repository scanning in 57 ms. Found 5 JPA repository interfaces.
2023-04-25 15:12:47,283 INFO org.springframework.cloud.context.scope.GenericScope [main] BeanFactory id=93a2d0fa-3e3d-3c0f-a86f-eabae1832879
2023-04-25 15:12:47,724 INFO org.springframework.boot.web.embedded.tomcat.TomcatWebServer [main] Tomcat initialized with port(s): 8080 (http)
2023-04-25 15:12:47,732 INFO org.apache.juli.logging.DirectJDKLog [main] Initializing ProtocolHandler ["http-nio-8080"]
2023-04-25 15:12:47,733 INFO org.apache.juli.logging.DirectJDKLog [main] Starting service [Tomcat]
2023-04-25 15:12:47,733 INFO org.apache.juli.logging.DirectJDKLog [main] Starting Servlet engine: [Apache Tomcat/9.0.73]
2023-04-25 15:12:47,839 INFO org.apache.juli.logging.DirectJDKLog [main] Initializing Spring embedded WebApplicationContext
2023-04-25 15:12:47,839 INFO org.springframework.boot.web.servlet.context.ServletWebServerApplicationContext [main] Root WebApplicationContext: initialization completed in 1860 ms
2023-04-25 15:12:48,016 INFO org.hibernate.jpa.internal.util.LogHelper [main] HHH000204: Processing PersistenceUnitInfo [name: default]
2023-04-25 15:12:48,070 INFO org.hibernate.Version [main] HHH000412: Hibernate ORM core version 5.6.15.Final
2023-04-25 15:12:48,230 INFO org.hibernate.annotations.common.reflection.java.JavaReflectionManager [main] HCANN000001: Hibernate Commons Annotations {5.1.2.Final}
2023-04-25 15:12:48,309 INFO com.zaxxer.hikari.HikariDataSource [main] HikariPool-1 - Starting...
2023-04-25 15:12:48,451 INFO com.zaxxer.hikari.HikariDataSource [main] HikariPool-1 - Start completed.
2023-04-25 15:12:48,474 INFO org.hibernate.dialect.Dialect [main] HHH000400: Using dialect: org.hibernate.dialect.PostgreSQL10Dialect
2023-04-25 15:12:49,103 WARN org.hibernate.engine.jdbc.spi.SqlExceptionHelper$StandardWarningHandler [main] SQL Warning Code: 0, SQLState: 00000
2023-04-25 15:12:49,103 WARN org.hibernate.engine.jdbc.spi.SqlExceptionHelper$StandardWarningHandler [main] table "tb_account" does not exist, skipping
2023-04-25 15:12:49,198 INFO org.hibernate.engine.transaction.jta.platform.internal.JtaPlatformInitiator [main] HHH000490: Using JtaPlatform implementation: [org.hibernate.engine.transaction.jta.platform.internal.NoJtaPlatform]
2023-04-25 15:12:49,213 INFO org.springframework.orm.jpa.AbstractEntityManagerFactoryBean [main] Initialized JPA EntityManagerFactory for persistence unit 'default'
2023-04-25 15:12:49,780 WARN org.springframework.boot.autoconfigure.orm.jpa.JpaBaseConfiguration$JpaWebConfiguration [main] spring.jpa.open-in-view is enabled by default. Therefore, database queries may be performed during view rendering. Explicitly configure spring.jpa.open-in-view to disable this warning
2023-04-25 15:12:50,646 WARN org.springframework.boot.autoconfigure.security.servlet.UserDetailsServiceAutoConfiguration [main] 

Using generated security password: 1ed6cff1-29cf-446b-b278-71d326336287

This generated password is for development use only. Your security configuration must be updated before running your application in production.

2023-04-25 15:12:50,823 INFO org.springframework.security.web.DefaultSecurityFilterChain [main] Will secure any request with [org.springframework.security.web.session.DisableEncodeUrlFilter@125bc00d, org.springframework.security.web.context.request.async.WebAsyncManagerIntegrationFilter@77e4ffe5, org.springframework.security.web.context.SecurityContextPersistenceFilter@502dc93a, org.springframework.security.web.header.HeaderWriterFilter@1a9e2c3b, org.springframework.security.web.csrf.CsrfFilter@7d7d7b1a, org.springframework.security.web.authentication.logout.LogoutFilter@50e32998, org.springframework.security.web.authentication.UsernamePasswordAuthenticationFilter@221961f2, org.springframework.security.web.authentication.ui.DefaultLoginPageGeneratingFilter@6cb5a64d, org.springframework.security.web.authentication.ui.DefaultLogoutPageGeneratingFilter@59bf79f3, org.springframework.security.web.authentication.www.BasicAuthenticationFilter@6cf34b88, org.springframework.security.web.savedrequest.RequestCacheAwareFilter@5d4af473, org.springframework.security.web.servletapi.SecurityContextHolderAwareRequestFilter@31f96cf, org.springframework.security.web.authentication.AnonymousAuthenticationFilter@4c663fda, org.springframework.security.web.session.SessionManagementFilter@9423344, org.springframework.security.web.access.ExceptionTranslationFilter@8a0a1d1, org.springframework.security.web.access.intercept.FilterSecurityInterceptor@42ceb67f]
