2023-04-26 16:18:23,780 INFO kg.mega.rentcarv2.util.CarStatusChecker [scheduling-1] Checking status...
2023-04-26 16:18:29,367 INFO org.apache.juli.logging.DirectJDKLog [http-nio-8080-exec-1] Initializing Spring DispatcherServlet 'dispatcherServlet'
2023-04-26 16:18:29,367 INFO org.springframework.web.servlet.FrameworkServlet [http-nio-8080-exec-1] Initializing Servlet 'dispatcherServlet'
2023-04-26 16:18:29,370 INFO org.springframework.web.servlet.FrameworkServlet [http-nio-8080-exec-1] Completed initialization in 2 ms
2023-04-26 17:08:25,605 INFO org.hibernate.validator.internal.util.Version [background-preinit] HV000001: Hibernate Validator 6.2.5.Final
2023-04-26 17:08:25,611 INFO org.springframework.boot.StartupInfoLogger [main] Starting RentCarV2Application using Java 11.0.18 on MacBook-Pro-Sanzhar.local with PID 24319 (/Users/sanjar/IdeaProjects/rentCarV2/target/classes started by sanjar in /Users/sanjar/IdeaProjects/rentCarV2)
2023-04-26 17:08:25,613 INFO org.springframework.boot.SpringApplication [main] No active profile set, falling back to 1 default profile: "default"
2023-04-26 17:08:26,652 INFO org.springframework.data.repository.config.RepositoryConfigurationDelegate [main] Bootstrapping Spring Data JPA repositories in DEFAULT mode.
2023-04-26 17:08:26,717 INFO org.springframework.data.repository.config.RepositoryConfigurationDelegate [main] Finished Spring Data repository scanning in 53 ms. Found 6 JPA repository interfaces.
2023-04-26 17:08:26,976 INFO org.springframework.cloud.context.scope.GenericScope [main] BeanFactory id=81712ec8-42fa-34d5-a2af-57e3e570883f
2023-04-26 17:08:27,378 INFO org.springframework.boot.web.embedded.tomcat.TomcatWebServer [main] Tomcat initialized with port(s): 8080 (http)
2023-04-26 17:08:27,387 INFO org.apache.juli.logging.DirectJDKLog [main] Initializing ProtocolHandler ["http-nio-8080"]
2023-04-26 17:08:27,387 INFO org.apache.juli.logging.DirectJDKLog [main] Starting service [Tomcat]
2023-04-26 17:08:27,387 INFO org.apache.juli.logging.DirectJDKLog [main] Starting Servlet engine: [Apache Tomcat/9.0.73]
2023-04-26 17:08:27,501 INFO org.apache.juli.logging.DirectJDKLog [main] Initializing Spring embedded WebApplicationContext
2023-04-26 17:08:27,502 INFO org.springframework.boot.web.servlet.context.ServletWebServerApplicationContext [main] Root WebApplicationContext: initialization completed in 1835 ms
2023-04-26 17:08:27,709 INFO org.hibernate.jpa.internal.util.LogHelper [main] HHH000204: Processing PersistenceUnitInfo [name: default]
2023-04-26 17:08:27,789 INFO org.hibernate.Version [main] HHH000412: Hibernate ORM core version 5.6.15.Final
2023-04-26 17:08:27,963 INFO org.hibernate.annotations.common.reflection.java.JavaReflectionManager [main] HCANN000001: Hibernate Commons Annotations {5.1.2.Final}
2023-04-26 17:08:28,112 INFO com.zaxxer.hikari.HikariDataSource [main] HikariPool-1 - Starting...
2023-04-26 17:08:28,250 INFO com.zaxxer.hikari.HikariDataSource [main] HikariPool-1 - Start completed.
2023-04-26 17:08:28,270 INFO org.hibernate.dialect.Dialect [main] HHH000400: Using dialect: org.hibernate.dialect.PostgreSQL10Dialect
2023-04-26 17:08:29,044 INFO org.hibernate.engine.transaction.jta.platform.internal.JtaPlatformInitiator [main] HHH000490: Using JtaPlatform implementation: [org.hibernate.engine.transaction.jta.platform.internal.NoJtaPlatform]
2023-04-26 17:08:29,057 INFO org.springframework.orm.jpa.AbstractEntityManagerFactoryBean [main] Initialized JPA EntityManagerFactory for persistence unit 'default'
2023-04-26 17:08:29,757 WARN org.springframework.boot.autoconfigure.orm.jpa.JpaBaseConfiguration$JpaWebConfiguration [main] spring.jpa.open-in-view is enabled by default. Therefore, database queries may be performed during view rendering. Explicitly configure spring.jpa.open-in-view to disable this warning
2023-04-26 17:08:30,374 INFO org.springframework.security.web.DefaultSecurityFilterChain [main] Will secure any request with [org.springframework.security.web.session.DisableEncodeUrlFilter@6a0a0f12, org.springframework.security.web.context.request.async.WebAsyncManagerIntegrationFilter@b6fea12, org.springframework.security.web.context.SecurityContextPersistenceFilter@3f9ee527, org.springframework.security.web.header.HeaderWriterFilter@4b407ac7, org.springframework.security.web.authentication.logout.LogoutFilter@40e90634, kg.mega.rentcarv2.configuration.JWTFilter@4f72078d, org.springframework.security.web.savedrequest.RequestCacheAwareFilter@58a5b69c, org.springframework.security.web.servletapi.SecurityContextHolderAwareRequestFilter@2257590f, org.springframework.security.web.authentication.AnonymousAuthenticationFilter@75c095a5, org.springframework.security.web.session.SessionManagementFilter@3344c1d7, org.springframework.security.web.access.ExceptionTranslationFilter@154cbb46, org.springframework.security.web.access.intercept.AuthorizationFilter@7d43c89f]
2023-04-26 17:08:30,829 INFO org.apache.juli.logging.DirectJDKLog [main] Starting ProtocolHandler ["http-nio-8080"]
2023-04-26 17:08:30,859 INFO org.springframework.boot.web.embedded.tomcat.TomcatWebServer [main] Tomcat started on port(s): 8080 (http) with context path ''
2023-04-26 17:08:31,271 INFO org.springframework.boot.StartupInfoLogger [main] Started RentCarV2Application in 6.269 seconds (JVM running for 7.071)
