2023-04-25 20:37:06,498 INFO org.springframework.boot.StartupInfoLogger [main] Started RentCarV2Application in 4.28 seconds (JVM running for 5.005)
2023-04-25 20:37:06,505 INFO kg.mega.rentcarv2.util.CarStatusChecker [scheduling-1] Checking status...
2023-04-25 20:37:09,695 INFO org.apache.juli.logging.DirectJDKLog [http-nio-8080-exec-1] Initializing Spring DispatcherServlet 'dispatcherServlet'
2023-04-25 20:37:09,696 INFO org.springframework.web.servlet.FrameworkServlet [http-nio-8080-exec-1] Initializing Servlet 'dispatcherServlet'
2023-04-25 20:37:09,697 INFO org.springframework.web.servlet.FrameworkServlet [http-nio-8080-exec-1] Completed initialization in 1 ms
2023-04-25 20:37:45,318 INFO org.springframework.orm.jpa.AbstractEntityManagerFactoryBean [SpringApplicationShutdownHook] Closing JPA EntityManagerFactory for persistence unit 'default'
2023-04-25 20:37:45,320 INFO com.zaxxer.hikari.HikariDataSource [SpringApplicationShutdownHook] HikariPool-1 - Shutdown initiated...
2023-04-25 20:37:45,325 INFO com.zaxxer.hikari.HikariDataSource [SpringApplicationShutdownHook] HikariPool-1 - Shutdown completed.
2023-04-25 20:37:49,307 INFO org.springframework.boot.StartupInfoLogger [main] Starting RentCarV2Application using Java 11.0.18 on MacBook-Pro-Sanzhar.local with PID 17292 (/Users/sanjar/IdeaProjects/rentCarV2/target/classes started by sanjar in /Users/sanjar/IdeaProjects/rentCarV2)
2023-04-25 20:37:49,311 INFO org.springframework.boot.SpringApplication [main] No active profile set, falling back to 1 default profile: "default"
2023-04-25 20:37:50,076 INFO org.springframework.data.repository.config.RepositoryConfigurationDelegate [main] Bootstrapping Spring Data JPA repositories in DEFAULT mode.
2023-04-25 20:37:50,129 INFO org.springframework.data.repository.config.RepositoryConfigurationDelegate [main] Finished Spring Data repository scanning in 47 ms. Found 6 JPA repository interfaces.
2023-04-25 20:37:50,295 INFO org.springframework.cloud.context.scope.GenericScope [main] BeanFactory id=a3ea1ef0-b0df-36d1-bc8f-db522e773201
2023-04-25 20:37:50,566 INFO org.springframework.boot.web.embedded.tomcat.TomcatWebServer [main] Tomcat initialized with port(s): 8080 (http)
2023-04-25 20:37:50,571 INFO org.apache.juli.logging.DirectJDKLog [main] Initializing ProtocolHandler ["http-nio-8080"]
2023-04-25 20:37:50,572 INFO org.apache.juli.logging.DirectJDKLog [main] Starting service [Tomcat]
2023-04-25 20:37:50,572 INFO org.apache.juli.logging.DirectJDKLog [main] Starting Servlet engine: [Apache Tomcat/9.0.73]
2023-04-25 20:37:50,655 INFO org.apache.juli.logging.DirectJDKLog [main] Initializing Spring embedded WebApplicationContext
2023-04-25 20:37:50,655 INFO org.springframework.boot.web.servlet.context.ServletWebServerApplicationContext [main] Root WebApplicationContext: initialization completed in 1310 ms
2023-04-25 20:37:50,771 INFO org.hibernate.jpa.internal.util.LogHelper [main] HHH000204: Processing PersistenceUnitInfo [name: default]
2023-04-25 20:37:50,804 INFO org.hibernate.Version [main] HHH000412: Hibernate ORM core version 5.6.15.Final
2023-04-25 20:37:50,885 INFO org.hibernate.annotations.common.reflection.java.JavaReflectionManager [main] HCANN000001: Hibernate Commons Annotations {5.1.2.Final}
2023-04-25 20:37:50,938 INFO com.zaxxer.hikari.HikariDataSource [main] HikariPool-1 - Starting...
2023-04-25 20:37:51,046 INFO com.zaxxer.hikari.HikariDataSource [main] HikariPool-1 - Start completed.
2023-04-25 20:37:51,060 INFO org.hibernate.dialect.Dialect [main] HHH000400: Using dialect: org.hibernate.dialect.PostgreSQL10Dialect
2023-04-25 20:37:51,522 INFO org.hibernate.engine.transaction.jta.platform.internal.JtaPlatformInitiator [main] HHH000490: Using JtaPlatform implementation: [org.hibernate.engine.transaction.jta.platform.internal.NoJtaPlatform]
2023-04-25 20:37:51,529 INFO org.springframework.orm.jpa.AbstractEntityManagerFactoryBean [main] Initialized JPA EntityManagerFactory for persistence unit 'default'
2023-04-25 20:37:51,959 WARN org.springframework.boot.autoconfigure.orm.jpa.JpaBaseConfiguration$JpaWebConfiguration [main] spring.jpa.open-in-view is enabled by default. Therefore, database queries may be performed during view rendering. Explicitly configure spring.jpa.open-in-view to disable this warning
2023-04-25 20:37:52,391 INFO org.springframework.security.web.DefaultSecurityFilterChain [main] Will secure any request with [org.springframework.security.web.session.DisableEncodeUrlFilter@40dd2cfe, org.springframework.security.web.context.request.async.WebAsyncManagerIntegrationFilter@21cb5648, org.springframework.security.web.context.SecurityContextPersistenceFilter@79f82fc4, org.springframework.security.web.header.HeaderWriterFilter@25cef4b3, org.springframework.security.web.authentication.logout.LogoutFilter@f9919a2, org.springframework.security.web.authentication.UsernamePasswordAuthenticationFilter@51d26fed, org.springframework.security.web.savedrequest.RequestCacheAwareFilter@bb896e9, org.springframework.security.web.servletapi.SecurityContextHolderAwareRequestFilter@4fe4b8b6, org.springframework.security.web.authentication.AnonymousAuthenticationFilter@69fa5536, org.springframework.security.web.session.SessionManagementFilter@5bdef8ee, org.springframework.security.web.access.ExceptionTranslationFilter@2e68bd3d, org.springframework.security.web.access.intercept.FilterSecurityInterceptor@36a7586f]
