2023-04-25 20:06:32,107 INFO kg.mega.rentcarv2.util.CarStatusChecker [scheduling-1] Checking status...
2023-04-25 20:07:32,114 INFO kg.mega.rentcarv2.util.CarStatusChecker [scheduling-1] Checking status...
2023-04-25 20:08:32,119 INFO kg.mega.rentcarv2.util.CarStatusChecker [scheduling-1] Checking status...
2023-04-25 20:09:32,127 INFO kg.mega.rentcarv2.util.CarStatusChecker [scheduling-1] Checking status...
2023-04-25 20:10:32,133 INFO kg.mega.rentcarv2.util.CarStatusChecker [scheduling-1] Checking status...
2023-04-25 20:11:32,143 INFO kg.mega.rentcarv2.util.CarStatusChecker [scheduling-1] Checking status...
2023-04-25 20:12:32,152 INFO kg.mega.rentcarv2.util.CarStatusChecker [scheduling-1] Checking status...
2023-04-25 20:13:32,156 INFO kg.mega.rentcarv2.util.CarStatusChecker [scheduling-1] Checking status...
2023-04-25 20:14:32,164 INFO kg.mega.rentcarv2.util.CarStatusChecker [scheduling-1] Checking status...
2023-04-25 20:15:32,229 INFO kg.mega.rentcarv2.util.CarStatusChecker [scheduling-1] Checking status...
2023-04-25 20:16:32,240 INFO kg.mega.rentcarv2.util.CarStatusChecker [scheduling-1] Checking status...
2023-04-25 20:17:32,249 INFO kg.mega.rentcarv2.util.CarStatusChecker [scheduling-1] Checking status...
2023-04-25 20:18:32,258 INFO kg.mega.rentcarv2.util.CarStatusChecker [scheduling-1] Checking status...
2023-04-25 20:19:32,263 INFO kg.mega.rentcarv2.util.CarStatusChecker [scheduling-1] Checking status...
2023-04-25 20:20:32,269 INFO kg.mega.rentcarv2.util.CarStatusChecker [scheduling-1] Checking status...
2023-04-25 20:21:32,280 INFO kg.mega.rentcarv2.util.CarStatusChecker [scheduling-1] Checking status...
2023-04-25 20:22:32,287 INFO kg.mega.rentcarv2.util.CarStatusChecker [scheduling-1] Checking status...
2023-04-25 20:23:32,301 INFO kg.mega.rentcarv2.util.CarStatusChecker [scheduling-1] Checking status...
2023-04-25 20:24:32,311 INFO kg.mega.rentcarv2.util.CarStatusChecker [scheduling-1] Checking status...
2023-04-25 20:25:32,326 INFO kg.mega.rentcarv2.util.CarStatusChecker [scheduling-1] Checking status...
2023-04-25 20:26:32,337 INFO kg.mega.rentcarv2.util.CarStatusChecker [scheduling-1] Checking status...
2023-04-25 20:27:02,511 INFO org.springframework.orm.jpa.AbstractEntityManagerFactoryBean [SpringApplicationShutdownHook] Closing JPA EntityManagerFactory for persistence unit 'default'
2023-04-25 20:27:02,515 INFO com.zaxxer.hikari.HikariDataSource [SpringApplicationShutdownHook] HikariPool-1 - Shutdown initiated...
2023-04-25 20:27:02,520 INFO com.zaxxer.hikari.HikariDataSource [SpringApplicationShutdownHook] HikariPool-1 - Shutdown completed.
2023-04-25 20:27:06,973 INFO org.springframework.boot.StartupInfoLogger [main] Starting RentCarV2Application using Java 11.0.18 on MacBook-Pro-Sanzhar.local with PID 17060 (/Users/sanjar/IdeaProjects/rentCarV2/target/classes started by sanjar in /Users/sanjar/IdeaProjects/rentCarV2)
2023-04-25 20:27:06,976 INFO org.springframework.boot.SpringApplication [main] No active profile set, falling back to 1 default profile: "default"
2023-04-25 20:27:07,896 INFO org.springframework.data.repository.config.RepositoryConfigurationDelegate [main] Bootstrapping Spring Data JPA repositories in DEFAULT mode.
2023-04-25 20:27:07,956 INFO org.springframework.data.repository.config.RepositoryConfigurationDelegate [main] Finished Spring Data repository scanning in 50 ms. Found 6 JPA repository interfaces.
2023-04-25 20:27:08,172 INFO org.springframework.cloud.context.scope.GenericScope [main] BeanFactory id=a3ea1ef0-b0df-36d1-bc8f-db522e773201
2023-04-25 20:27:08,543 INFO org.springframework.boot.web.embedded.tomcat.TomcatWebServer [main] Tomcat initialized with port(s): 8080 (http)
2023-04-25 20:27:08,553 INFO org.apache.juli.logging.DirectJDKLog [main] Initializing ProtocolHandler ["http-nio-8080"]
2023-04-25 20:27:08,553 INFO org.apache.juli.logging.DirectJDKLog [main] Starting service [Tomcat]
2023-04-25 20:27:08,554 INFO org.apache.juli.logging.DirectJDKLog [main] Starting Servlet engine: [Apache Tomcat/9.0.73]
2023-04-25 20:27:08,670 INFO org.apache.juli.logging.DirectJDKLog [main] Initializing Spring embedded WebApplicationContext
2023-04-25 20:27:08,670 INFO org.springframework.boot.web.servlet.context.ServletWebServerApplicationContext [main] Root WebApplicationContext: initialization completed in 1653 ms
2023-04-25 20:27:08,863 INFO org.hibernate.jpa.internal.util.LogHelper [main] HHH000204: Processing PersistenceUnitInfo [name: default]
2023-04-25 20:27:08,925 INFO org.hibernate.Version [main] HHH000412: Hibernate ORM core version 5.6.15.Final
2023-04-25 20:27:09,114 INFO org.hibernate.annotations.common.reflection.java.JavaReflectionManager [main] HCANN000001: Hibernate Commons Annotations {5.1.2.Final}
2023-04-25 20:27:09,199 INFO com.zaxxer.hikari.HikariDataSource [main] HikariPool-1 - Starting...
2023-04-25 20:27:09,355 INFO com.zaxxer.hikari.HikariDataSource [main] HikariPool-1 - Start completed.
2023-04-25 20:27:09,378 INFO org.hibernate.dialect.Dialect [main] HHH000400: Using dialect: org.hibernate.dialect.PostgreSQL10Dialect
2023-04-25 20:27:10,021 INFO org.hibernate.engine.transaction.jta.platform.internal.JtaPlatformInitiator [main] HHH000490: Using JtaPlatform implementation: [org.hibernate.engine.transaction.jta.platform.internal.NoJtaPlatform]
2023-04-25 20:27:10,029 INFO org.springframework.orm.jpa.AbstractEntityManagerFactoryBean [main] Initialized JPA EntityManagerFactory for persistence unit 'default'
