2023-04-26 14:17:42,816 INFO kg.mega.rentcarv2.util.CarStatusChecker [scheduling-1] Checking status...
2023-04-26 14:18:42,829 INFO kg.mega.rentcarv2.util.CarStatusChecker [scheduling-1] Checking status...
2023-04-26 14:19:42,840 INFO kg.mega.rentcarv2.util.CarStatusChecker [scheduling-1] Checking status...
2023-04-26 14:20:42,847 INFO kg.mega.rentcarv2.util.CarStatusChecker [scheduling-1] Checking status...
2023-04-26 14:21:42,856 INFO kg.mega.rentcarv2.util.CarStatusChecker [scheduling-1] Checking status...
2023-04-26 14:22:42,868 INFO kg.mega.rentcarv2.util.CarStatusChecker [scheduling-1] Checking status...
2023-04-26 14:22:47,024 INFO org.springframework.orm.jpa.AbstractEntityManagerFactoryBean [SpringApplicationShutdownHook] Closing JPA EntityManagerFactory for persistence unit 'default'
2023-04-26 14:22:47,031 INFO com.zaxxer.hikari.HikariDataSource [SpringApplicationShutdownHook] HikariPool-1 - Shutdown initiated...
2023-04-26 14:22:47,039 INFO com.zaxxer.hikari.HikariDataSource [SpringApplicationShutdownHook] HikariPool-1 - Shutdown completed.
2023-04-26 14:22:51,656 INFO org.hibernate.validator.internal.util.Version [background-preinit] HV000001: Hibernate Validator 6.2.5.Final
2023-04-26 14:22:51,659 INFO org.springframework.boot.StartupInfoLogger [main] Starting RentCarV2Application using Java 11.0.18 on MacBook-Pro-Sanzhar.local with PID 21378 (/Users/sanjar/IdeaProjects/rentCarV2/target/classes started by sanjar in /Users/sanjar/IdeaProjects/rentCarV2)
2023-04-26 14:22:51,664 INFO org.springframework.boot.SpringApplication [main] No active profile set, falling back to 1 default profile: "default"
2023-04-26 14:22:52,620 INFO org.springframework.data.repository.config.RepositoryConfigurationDelegate [main] Bootstrapping Spring Data JPA repositories in DEFAULT mode.
2023-04-26 14:22:52,677 INFO org.springframework.data.repository.config.RepositoryConfigurationDelegate [main] Finished Spring Data repository scanning in 49 ms. Found 6 JPA repository interfaces.
2023-04-26 14:22:52,925 INFO org.springframework.cloud.context.scope.GenericScope [main] BeanFactory id=81712ec8-42fa-34d5-a2af-57e3e570883f
2023-04-26 14:22:53,317 INFO org.springframework.boot.web.embedded.tomcat.TomcatWebServer [main] Tomcat initialized with port(s): 8080 (http)
2023-04-26 14:22:53,329 INFO org.apache.juli.logging.DirectJDKLog [main] Initializing ProtocolHandler ["http-nio-8080"]
2023-04-26 14:22:53,331 INFO org.apache.juli.logging.DirectJDKLog [main] Starting service [Tomcat]
2023-04-26 14:22:53,331 INFO org.apache.juli.logging.DirectJDKLog [main] Starting Servlet engine: [Apache Tomcat/9.0.73]
2023-04-26 14:22:53,452 INFO org.apache.juli.logging.DirectJDKLog [main] Initializing Spring embedded WebApplicationContext
2023-04-26 14:22:53,452 INFO org.springframework.boot.web.servlet.context.ServletWebServerApplicationContext [main] Root WebApplicationContext: initialization completed in 1735 ms
2023-04-26 14:22:53,593 INFO org.hibernate.jpa.internal.util.LogHelper [main] HHH000204: Processing PersistenceUnitInfo [name: default]
2023-04-26 14:22:53,648 INFO org.hibernate.Version [main] HHH000412: Hibernate ORM core version 5.6.15.Final
2023-04-26 14:22:53,824 INFO org.hibernate.annotations.common.reflection.java.JavaReflectionManager [main] HCANN000001: Hibernate Commons Annotations {5.1.2.Final}
2023-04-26 14:22:53,933 INFO com.zaxxer.hikari.HikariDataSource [main] HikariPool-1 - Starting...
2023-04-26 14:22:54,102 INFO com.zaxxer.hikari.HikariDataSource [main] HikariPool-1 - Start completed.
2023-04-26 14:22:54,128 INFO org.hibernate.dialect.Dialect [main] HHH000400: Using dialect: org.hibernate.dialect.PostgreSQL10Dialect
2023-04-26 14:22:54,816 INFO org.hibernate.engine.transaction.jta.platform.internal.JtaPlatformInitiator [main] HHH000490: Using JtaPlatform implementation: [org.hibernate.engine.transaction.jta.platform.internal.NoJtaPlatform]
2023-04-26 14:22:54,826 INFO org.springframework.orm.jpa.AbstractEntityManagerFactoryBean [main] Initialized JPA EntityManagerFactory for persistence unit 'default'
2023-04-26 14:22:55,464 WARN org.springframework.boot.autoconfigure.orm.jpa.JpaBaseConfiguration$JpaWebConfiguration [main] spring.jpa.open-in-view is enabled by default. Therefore, database queries may be performed during view rendering. Explicitly configure spring.jpa.open-in-view to disable this warning
2023-04-26 14:22:55,991 INFO org.springframework.security.web.DefaultSecurityFilterChain [main] Will secure any request with [org.springframework.security.web.session.DisableEncodeUrlFilter@361d169a, org.springframework.security.web.context.request.async.WebAsyncManagerIntegrationFilter@47a68e3f, org.springframework.security.web.context.SecurityContextPersistenceFilter@37806ccb, org.springframework.security.web.header.HeaderWriterFilter@7c5fbde4, org.springframework.security.web.authentication.logout.LogoutFilter@2688b2be, kg.mega.rentcarv2.configuration.JWTFilter@79f59e0e, org.springframework.security.web.savedrequest.RequestCacheAwareFilter@4a84beb7, org.springframework.security.web.servletapi.SecurityContextHolderAwareRequestFilter@72924f19, org.springframework.security.web.authentication.AnonymousAuthenticationFilter@52288c65, org.springframework.security.web.session.SessionManagementFilter@34ac72c3, org.springframework.security.web.access.ExceptionTranslationFilter@3652dd19, org.springframework.security.web.access.intercept.FilterSecurityInterceptor@2f307fcc]
2023-04-26 14:22:56,386 INFO org.apache.juli.logging.DirectJDKLog [main] Starting ProtocolHandler ["http-nio-8080"]
