2023-04-25 20:02:04,556 INFO org.springframework.data.repository.config.RepositoryConfigurationDelegate [main] Bootstrapping Spring Data JPA repositories in DEFAULT mode.
2023-04-25 20:02:04,617 INFO org.springframework.data.repository.config.RepositoryConfigurationDelegate [main] Finished Spring Data repository scanning in 51 ms. Found 6 JPA repository interfaces.
2023-04-25 20:02:04,829 INFO org.springframework.cloud.context.scope.GenericScope [main] BeanFactory id=3bb56fb8-d5ef-30f1-92e3-2156e7ef36e0
2023-04-25 20:02:05,223 INFO org.springframework.boot.web.embedded.tomcat.TomcatWebServer [main] Tomcat initialized with port(s): 8080 (http)
2023-04-25 20:02:05,232 INFO org.apache.juli.logging.DirectJDKLog [main] Initializing ProtocolHandler ["http-nio-8080"]
2023-04-25 20:02:05,232 INFO org.apache.juli.logging.DirectJDKLog [main] Starting service [Tomcat]
2023-04-25 20:02:05,233 INFO org.apache.juli.logging.DirectJDKLog [main] Starting Servlet engine: [Apache Tomcat/9.0.73]
2023-04-25 20:02:05,333 INFO org.apache.juli.logging.DirectJDKLog [main] Initializing Spring embedded WebApplicationContext
2023-04-25 20:02:05,334 INFO org.springframework.boot.web.servlet.context.ServletWebServerApplicationContext [main] Root WebApplicationContext: initialization completed in 1612 ms
2023-04-25 20:02:05,522 INFO org.hibernate.jpa.internal.util.LogHelper [main] HHH000204: Processing PersistenceUnitInfo [name: default]
2023-04-25 20:02:05,589 INFO org.hibernate.Version [main] HHH000412: Hibernate ORM core version 5.6.15.Final
2023-04-25 20:02:05,771 INFO org.hibernate.annotations.common.reflection.java.JavaReflectionManager [main] HCANN000001: Hibernate Commons Annotations {5.1.2.Final}
2023-04-25 20:02:05,869 INFO com.zaxxer.hikari.HikariDataSource [main] HikariPool-1 - Starting...
2023-04-25 20:02:06,042 INFO com.zaxxer.hikari.HikariDataSource [main] HikariPool-1 - Start completed.
2023-04-25 20:02:06,066 INFO org.hibernate.dialect.Dialect [main] HHH000400: Using dialect: org.hibernate.dialect.PostgreSQL10Dialect
2023-04-25 20:02:06,708 INFO org.hibernate.engine.transaction.jta.platform.internal.JtaPlatformInitiator [main] HHH000490: Using JtaPlatform implementation: [org.hibernate.engine.transaction.jta.platform.internal.NoJtaPlatform]
2023-04-25 20:02:06,722 INFO org.springframework.orm.jpa.AbstractEntityManagerFactoryBean [main] Initialized JPA EntityManagerFactory for persistence unit 'default'
2023-04-25 20:02:07,278 WARN org.springframework.boot.autoconfigure.orm.jpa.JpaBaseConfiguration$JpaWebConfiguration [main] spring.jpa.open-in-view is enabled by default. Therefore, database queries may be performed during view rendering. Explicitly configure spring.jpa.open-in-view to disable this warning
2023-04-25 20:02:07,809 INFO org.springframework.security.web.DefaultSecurityFilterChain [main] Will secure any request with [org.springframework.security.web.session.DisableEncodeUrlFilter@4cf46574, org.springframework.security.web.context.request.async.WebAsyncManagerIntegrationFilter@779cda39, org.springframework.security.web.context.SecurityContextPersistenceFilter@4c90fc3b, org.springframework.security.web.header.HeaderWriterFilter@4fe4b8b6, org.springframework.security.web.csrf.CsrfFilter@3763aafd, org.springframework.security.web.authentication.logout.LogoutFilter@13e6ab86, org.springframework.security.web.authentication.UsernamePasswordAuthenticationFilter@40dd2cfe, org.springframework.security.web.savedrequest.RequestCacheAwareFilter@5dfb078, org.springframework.security.web.servletapi.SecurityContextHolderAwareRequestFilter@2d21d12b, org.springframework.security.web.authentication.AnonymousAuthenticationFilter@4205d1c9, org.springframework.security.web.session.SessionManagementFilter@4fa3bebe, org.springframework.security.web.access.ExceptionTranslationFilter@66e44f9f, org.springframework.security.web.access.intercept.FilterSecurityInterceptor@51d26fed]
2023-04-25 20:02:08,178 INFO org.apache.juli.logging.DirectJDKLog [main] Starting ProtocolHandler ["http-nio-8080"]
2023-04-25 20:02:08,204 INFO org.springframework.boot.web.embedded.tomcat.TomcatWebServer [main] Tomcat started on port(s): 8080 (http) with context path ''
2023-04-25 20:02:08,557 INFO org.springframework.boot.StartupInfoLogger [main] Started RentCarV2Application in 5.402 seconds (JVM running for 6.42)
2023-04-25 20:02:08,564 INFO kg.mega.rentcarv2.util.CarStatusChecker [scheduling-1] Checking status...
2023-04-25 20:02:12,611 INFO org.apache.juli.logging.DirectJDKLog [http-nio-8080-exec-1] Initializing Spring DispatcherServlet 'dispatcherServlet'
2023-04-25 20:02:12,612 INFO org.springframework.web.servlet.FrameworkServlet [http-nio-8080-exec-1] Initializing Servlet 'dispatcherServlet'
2023-04-25 20:02:12,614 INFO org.springframework.web.servlet.FrameworkServlet [http-nio-8080-exec-1] Completed initialization in 2 ms
2023-04-25 20:02:12,660 WARN org.springframework.web.servlet.handler.AbstractHandlerExceptionResolver [http-nio-8080-exec-1] Resolved [org.springframework.web.HttpRequestMethodNotSupportedException: Request method 'GET' not supported]
2023-04-25 20:02:15,733 WARN org.springframework.web.servlet.handler.AbstractHandlerExceptionResolver [http-nio-8080-exec-2] Resolved [org.springframework.web.HttpRequestMethodNotSupportedException: Request method 'GET' not supported]
