2023-04-26 15:14:49,194 INFO com.zaxxer.hikari.HikariDataSource [SpringApplicationShutdownHook] HikariPool-1 - Shutdown initiated...
2023-04-26 15:14:49,202 INFO com.zaxxer.hikari.HikariDataSource [SpringApplicationShutdownHook] HikariPool-1 - Shutdown completed.
2023-04-26 15:14:53,310 INFO org.springframework.boot.StartupInfoLogger [main] Starting RentCarV2Application using Java 11.0.18 on MacBook-Pro-Sanzhar.local with PID 22362 (/Users/sanjar/IdeaProjects/rentCarV2/target/classes started by sanjar in /Users/sanjar/IdeaProjects/rentCarV2)
2023-04-26 15:14:53,310 INFO org.hibernate.validator.internal.util.Version [background-preinit] HV000001: Hibernate Validator 6.2.5.Final
2023-04-26 15:14:53,317 INFO org.springframework.boot.SpringApplication [main] No active profile set, falling back to 1 default profile: "default"
2023-04-26 15:14:54,362 INFO org.springframework.data.repository.config.RepositoryConfigurationDelegate [main] Bootstrapping Spring Data JPA repositories in DEFAULT mode.
2023-04-26 15:14:54,436 INFO org.springframework.data.repository.config.RepositoryConfigurationDelegate [main] Finished Spring Data repository scanning in 63 ms. Found 6 JPA repository interfaces.
2023-04-26 15:14:54,688 INFO org.springframework.cloud.context.scope.GenericScope [main] BeanFactory id=81712ec8-42fa-34d5-a2af-57e3e570883f
2023-04-26 15:14:55,067 INFO org.springframework.boot.web.embedded.tomcat.TomcatWebServer [main] Tomcat initialized with port(s): 8080 (http)
2023-04-26 15:14:55,076 INFO org.apache.juli.logging.DirectJDKLog [main] Initializing ProtocolHandler ["http-nio-8080"]
2023-04-26 15:14:55,077 INFO org.apache.juli.logging.DirectJDKLog [main] Starting service [Tomcat]
2023-04-26 15:14:55,077 INFO org.apache.juli.logging.DirectJDKLog [main] Starting Servlet engine: [Apache Tomcat/9.0.73]
2023-04-26 15:14:55,180 INFO org.apache.juli.logging.DirectJDKLog [main] Initializing Spring embedded WebApplicationContext
2023-04-26 15:14:55,181 INFO org.springframework.boot.web.servlet.context.ServletWebServerApplicationContext [main] Root WebApplicationContext: initialization completed in 1827 ms
2023-04-26 15:14:55,323 INFO org.hibernate.jpa.internal.util.LogHelper [main] HHH000204: Processing PersistenceUnitInfo [name: default]
2023-04-26 15:14:55,366 INFO org.hibernate.Version [main] HHH000412: Hibernate ORM core version 5.6.15.Final
2023-04-26 15:14:55,545 INFO org.hibernate.annotations.common.reflection.java.JavaReflectionManager [main] HCANN000001: Hibernate Commons Annotations {5.1.2.Final}
2023-04-26 15:14:55,646 INFO com.zaxxer.hikari.HikariDataSource [main] HikariPool-1 - Starting...
2023-04-26 15:14:55,813 INFO com.zaxxer.hikari.HikariDataSource [main] HikariPool-1 - Start completed.
2023-04-26 15:14:55,836 INFO org.hibernate.dialect.Dialect [main] HHH000400: Using dialect: org.hibernate.dialect.PostgreSQL10Dialect
2023-04-26 15:14:56,549 INFO org.hibernate.engine.transaction.jta.platform.internal.JtaPlatformInitiator [main] HHH000490: Using JtaPlatform implementation: [org.hibernate.engine.transaction.jta.platform.internal.NoJtaPlatform]
2023-04-26 15:14:56,557 INFO org.springframework.orm.jpa.AbstractEntityManagerFactoryBean [main] Initialized JPA EntityManagerFactory for persistence unit 'default'
2023-04-26 15:14:57,203 WARN org.springframework.boot.autoconfigure.orm.jpa.JpaBaseConfiguration$JpaWebConfiguration [main] spring.jpa.open-in-view is enabled by default. Therefore, database queries may be performed during view rendering. Explicitly configure spring.jpa.open-in-view to disable this warning
2023-04-26 15:14:57,696 INFO org.springframework.security.web.DefaultSecurityFilterChain [main] Will secure any request with [org.springframework.security.web.session.DisableEncodeUrlFilter@cf82c58, org.springframework.security.web.context.request.async.WebAsyncManagerIntegrationFilter@1407b93f, org.springframework.security.web.context.SecurityContextPersistenceFilter@1f8ac459, org.springframework.security.web.header.HeaderWriterFilter@78b29e00, org.springframework.security.web.authentication.logout.LogoutFilter@12921ee1, kg.mega.rentcarv2.configuration.JWTFilter@79f59e0e, org.springframework.security.web.authentication.UsernamePasswordAuthenticationFilter@b3cbc0e, org.springframework.security.web.savedrequest.RequestCacheAwareFilter@149ef64a, org.springframework.security.web.servletapi.SecurityContextHolderAwareRequestFilter@67201eeb, org.springframework.security.web.authentication.AnonymousAuthenticationFilter@5aff8207, org.springframework.security.web.session.SessionManagementFilter@3b4b2c03, org.springframework.security.web.access.ExceptionTranslationFilter@75f9a35a, org.springframework.security.web.access.intercept.FilterSecurityInterceptor@5f63a6f2]
2023-04-26 15:14:58,048 INFO org.apache.juli.logging.DirectJDKLog [main] Starting ProtocolHandler ["http-nio-8080"]
2023-04-26 15:14:58,066 INFO org.springframework.boot.web.embedded.tomcat.TomcatWebServer [main] Tomcat started on port(s): 8080 (http) with context path ''
2023-04-26 15:14:58,421 INFO org.springframework.boot.StartupInfoLogger [main] Started RentCarV2Application in 5.596 seconds (JVM running for 6.627)
