2023-04-24 18:59:35,309 INFO kg.mega.rentcarv2.service.impl.OrderServiceImpl [http-nio-8080-exec-10] SAVING ORDER
2023-04-24 18:59:35,815 INFO kg.mega.rentcarv2.service.impl.OrderServiceImpl [http-nio-8080-exec-1] SAVING ORDER
2023-04-24 18:59:36,305 INFO kg.mega.rentcarv2.service.impl.OrderServiceImpl [http-nio-8080-exec-2] SAVING ORDER
2023-04-24 18:59:36,807 INFO kg.mega.rentcarv2.service.impl.OrderServiceImpl [http-nio-8080-exec-3] SAVING ORDER
2023-04-24 19:00:10,701 INFO org.springframework.orm.jpa.AbstractEntityManagerFactoryBean [SpringApplicationShutdownHook] Closing JPA EntityManagerFactory for persistence unit 'default'
2023-04-24 19:00:10,704 INFO com.zaxxer.hikari.HikariDataSource [SpringApplicationShutdownHook] HikariPool-1 - Shutdown initiated...
2023-04-24 19:00:10,708 INFO com.zaxxer.hikari.HikariDataSource [SpringApplicationShutdownHook] HikariPool-1 - Shutdown completed.
2023-04-24 19:11:47,173 INFO org.springframework.boot.StartupInfoLogger [main] Starting RentCarV2Application using Java 11.0.18 on MacBook-Pro-Sanzhar.local with PID 6363 (/Users/sanjar/IdeaProjects/rentCarV2/target/classes started by sanjar in /Users/sanjar/IdeaProjects/rentCarV2)
2023-04-24 19:11:47,178 INFO org.springframework.boot.SpringApplication [main] No active profile set, falling back to 1 default profile: "default"
2023-04-24 19:11:48,235 INFO org.springframework.data.repository.config.RepositoryConfigurationDelegate [main] Bootstrapping Spring Data JPA repositories in DEFAULT mode.
2023-04-24 19:11:48,295 INFO org.springframework.data.repository.config.RepositoryConfigurationDelegate [main] Finished Spring Data repository scanning in 50 ms. Found 5 JPA repository interfaces.
2023-04-24 19:11:48,538 INFO org.springframework.cloud.context.scope.GenericScope [main] BeanFactory id=93a2d0fa-3e3d-3c0f-a86f-eabae1832879
2023-04-24 19:11:48,926 INFO org.springframework.boot.web.embedded.tomcat.TomcatWebServer [main] Tomcat initialized with port(s): 8080 (http)
2023-04-24 19:11:48,960 INFO org.apache.juli.logging.DirectJDKLog [main] Initializing ProtocolHandler ["http-nio-8080"]
2023-04-24 19:11:48,961 INFO org.apache.juli.logging.DirectJDKLog [main] Starting service [Tomcat]
2023-04-24 19:11:48,961 INFO org.apache.juli.logging.DirectJDKLog [main] Starting Servlet engine: [Apache Tomcat/9.0.73]
2023-04-24 19:11:49,071 INFO org.apache.juli.logging.DirectJDKLog [main] Initializing Spring embedded WebApplicationContext
2023-04-24 19:11:49,071 INFO org.springframework.boot.web.servlet.context.ServletWebServerApplicationContext [main] Root WebApplicationContext: initialization completed in 1831 ms
2023-04-24 19:11:49,297 INFO org.hibernate.jpa.internal.util.LogHelper [main] HHH000204: Processing PersistenceUnitInfo [name: default]
2023-04-24 19:11:49,381 INFO org.hibernate.Version [main] HHH000412: Hibernate ORM core version 5.6.15.Final
2023-04-24 19:11:49,672 INFO org.hibernate.annotations.common.reflection.java.JavaReflectionManager [main] HCANN000001: Hibernate Commons Annotations {5.1.2.Final}
2023-04-24 19:11:49,761 INFO com.zaxxer.hikari.HikariDataSource [main] HikariPool-1 - Starting...
2023-04-24 19:11:49,955 INFO com.zaxxer.hikari.HikariDataSource [main] HikariPool-1 - Start completed.
2023-04-24 19:11:49,978 INFO org.hibernate.dialect.Dialect [main] HHH000400: Using dialect: org.hibernate.dialect.PostgreSQL10Dialect
2023-04-24 19:11:50,760 INFO org.hibernate.engine.transaction.jta.platform.internal.JtaPlatformInitiator [main] HHH000490: Using JtaPlatform implementation: [org.hibernate.engine.transaction.jta.platform.internal.NoJtaPlatform]
2023-04-24 19:11:50,771 INFO org.springframework.orm.jpa.AbstractEntityManagerFactoryBean [main] Initialized JPA EntityManagerFactory for persistence unit 'default'
2023-04-24 19:11:51,309 WARN org.springframework.boot.autoconfigure.orm.jpa.JpaBaseConfiguration$JpaWebConfiguration [main] spring.jpa.open-in-view is enabled by default. Therefore, database queries may be performed during view rendering. Explicitly configure spring.jpa.open-in-view to disable this warning
2023-04-24 19:11:52,041 WARN org.springframework.boot.autoconfigure.security.servlet.UserDetailsServiceAutoConfiguration [main] 

Using generated security password: cdc9ee83-edb8-447d-a35e-a7cfebf8a4cd

This generated password is for development use only. Your security configuration must be updated before running your application in production.

2023-04-24 19:11:52,180 INFO org.springframework.security.web.DefaultSecurityFilterChain [main] Will secure any request with [org.springframework.security.web.session.DisableEncodeUrlFilter@25131637, org.springframework.security.web.context.request.async.WebAsyncManagerIntegrationFilter@5d7f4cbb, org.springframework.security.web.context.SecurityContextPersistenceFilter@215efb16, org.springframework.security.web.header.HeaderWriterFilter@1d0f03f6, org.springframework.security.web.csrf.CsrfFilter@67c912d3, org.springframework.security.web.authentication.logout.LogoutFilter@335cbcbd, org.springframework.security.web.authentication.UsernamePasswordAuthenticationFilter@37596b44, org.springframework.security.web.authentication.ui.DefaultLoginPageGeneratingFilter@31f96cf, org.springframework.security.web.authentication.ui.DefaultLogoutPageGeneratingFilter@6cf34b88, org.springframework.security.web.authentication.www.BasicAuthenticationFilter@32cda33c, org.springframework.security.web.savedrequest.RequestCacheAwareFilter@1a9e2c3b, org.springframework.security.web.servletapi.SecurityContextHolderAwareRequestFilter@5f92e5eb, org.springframework.security.web.authentication.AnonymousAuthenticationFilter@5e7fc012, org.springframework.security.web.session.SessionManagementFilter@78c9c38a, org.springframework.security.web.access.ExceptionTranslationFilter@12d33d7a, org.springframework.security.web.access.intercept.FilterSecurityInterceptor@1f50fe84]
2023-04-24 19:11:52,367 INFO org.apache.juli.logging.DirectJDKLog [main] Starting ProtocolHandler ["http-nio-8080"]
