2023-04-24 18:58:17,470 INFO org.springframework.boot.StartupInfoLogger [main] Starting RentCarV2Application using Java 11.0.18 on MacBook-Pro-Sanzhar.local with PID 6048 (/Users/sanjar/IdeaProjects/rentCarV2/target/classes started by sanjar in /Users/sanjar/IdeaProjects/rentCarV2)
2023-04-24 18:58:17,472 INFO org.springframework.boot.SpringApplication [main] No active profile set, falling back to 1 default profile: "default"
2023-04-24 18:58:18,341 INFO org.springframework.data.repository.config.RepositoryConfigurationDelegate [main] Bootstrapping Spring Data JPA repositories in DEFAULT mode.
2023-04-24 18:58:18,397 INFO org.springframework.data.repository.config.RepositoryConfigurationDelegate [main] Finished Spring Data repository scanning in 46 ms. Found 5 JPA repository interfaces.
2023-04-24 18:58:18,619 INFO org.springframework.cloud.context.scope.GenericScope [main] BeanFactory id=622922ff-d4e6-3252-831e-e478eec37187
2023-04-24 18:58:19,022 INFO org.springframework.boot.web.embedded.tomcat.TomcatWebServer [main] Tomcat initialized with port(s): 8080 (http)
2023-04-24 18:58:19,032 INFO org.apache.juli.logging.DirectJDKLog [main] Initializing ProtocolHandler ["http-nio-8080"]
2023-04-24 18:58:19,032 INFO org.apache.juli.logging.DirectJDKLog [main] Starting service [Tomcat]
2023-04-24 18:58:19,033 INFO org.apache.juli.logging.DirectJDKLog [main] Starting Servlet engine: [Apache Tomcat/9.0.73]
2023-04-24 18:58:19,141 INFO org.apache.juli.logging.DirectJDKLog [main] Initializing Spring embedded WebApplicationContext
2023-04-24 18:58:19,141 INFO org.springframework.boot.web.servlet.context.ServletWebServerApplicationContext [main] Root WebApplicationContext: initialization completed in 1617 ms
2023-04-24 18:58:19,370 INFO org.hibernate.jpa.internal.util.LogHelper [main] HHH000204: Processing PersistenceUnitInfo [name: default]
2023-04-24 18:58:19,411 INFO org.hibernate.Version [main] HHH000412: Hibernate ORM core version 5.6.15.Final
2023-04-24 18:58:19,534 INFO org.hibernate.annotations.common.reflection.java.JavaReflectionManager [main] HCANN000001: Hibernate Commons Annotations {5.1.2.Final}
2023-04-24 18:58:19,653 INFO com.zaxxer.hikari.HikariDataSource [main] HikariPool-1 - Starting...
2023-04-24 18:58:19,800 INFO com.zaxxer.hikari.HikariDataSource [main] HikariPool-1 - Start completed.
2023-04-24 18:58:19,823 INFO org.hibernate.dialect.Dialect [main] HHH000400: Using dialect: org.hibernate.dialect.PostgreSQL10Dialect
2023-04-24 18:58:20,516 INFO org.hibernate.engine.transaction.jta.platform.internal.JtaPlatformInitiator [main] HHH000490: Using JtaPlatform implementation: [org.hibernate.engine.transaction.jta.platform.internal.NoJtaPlatform]
2023-04-24 18:58:20,525 INFO org.springframework.orm.jpa.AbstractEntityManagerFactoryBean [main] Initialized JPA EntityManagerFactory for persistence unit 'default'
2023-04-24 18:58:21,005 WARN org.springframework.boot.autoconfigure.orm.jpa.JpaBaseConfiguration$JpaWebConfiguration [main] spring.jpa.open-in-view is enabled by default. Therefore, database queries may be performed during view rendering. Explicitly configure spring.jpa.open-in-view to disable this warning
2023-04-24 18:58:21,835 INFO org.apache.juli.logging.DirectJDKLog [main] Starting ProtocolHandler ["http-nio-8080"]
2023-04-24 18:58:21,855 INFO org.springframework.boot.web.embedded.tomcat.TomcatWebServer [main] Tomcat started on port(s): 8080 (http) with context path ''
2023-04-24 18:58:22,225 INFO org.springframework.boot.StartupInfoLogger [main] Started RentCarV2Application in 5.283 seconds (JVM running for 6.027)
2023-04-24 18:58:22,232 INFO kg.mega.rentcarv2.addition.CarStatusChecker [scheduling-1] Checking status...
2023-04-24 18:58:27,895 INFO org.apache.juli.logging.DirectJDKLog [http-nio-8080-exec-2] Initializing Spring DispatcherServlet 'dispatcherServlet'
2023-04-24 18:58:27,896 INFO org.springframework.web.servlet.FrameworkServlet [http-nio-8080-exec-2] Initializing Servlet 'dispatcherServlet'
2023-04-24 18:58:27,898 INFO org.springframework.web.servlet.FrameworkServlet [http-nio-8080-exec-2] Completed initialization in 2 ms
2023-04-24 18:58:27,996 INFO kg.mega.rentcarv2.service.impl.OrderServiceImpl [http-nio-8080-exec-2] SAVING ORDER
2023-04-24 18:58:28,957 INFO kg.mega.rentcarv2.service.impl.OrderServiceImpl [http-nio-8080-exec-3] SAVING ORDER
2023-04-24 18:58:29,814 INFO kg.mega.rentcarv2.service.impl.OrderServiceImpl [http-nio-8080-exec-4] SAVING ORDER
2023-04-24 18:59:13,307 INFO kg.mega.rentcarv2.service.impl.OrderServiceImpl [http-nio-8080-exec-5] SAVING ORDER
2023-04-24 18:59:14,067 INFO kg.mega.rentcarv2.service.impl.OrderServiceImpl [http-nio-8080-exec-6] SAVING ORDER
2023-04-24 18:59:14,731 INFO kg.mega.rentcarv2.service.impl.OrderServiceImpl [http-nio-8080-exec-7] SAVING ORDER
2023-04-24 18:59:15,248 INFO kg.mega.rentcarv2.service.impl.OrderServiceImpl [http-nio-8080-exec-8] SAVING ORDER
2023-04-24 18:59:22,358 INFO kg.mega.rentcarv2.addition.CarStatusChecker [scheduling-1] Checking status...
2023-04-24 18:59:34,835 INFO kg.mega.rentcarv2.service.impl.OrderServiceImpl [http-nio-8080-exec-9] SAVING ORDER
