2023-04-25 19:31:02,877 INFO org.apache.juli.logging.DirectJDKLog [main] Starting ProtocolHandler ["http-nio-8080"]
2023-04-25 19:31:02,899 INFO org.springframework.boot.web.embedded.tomcat.TomcatWebServer [main] Tomcat started on port(s): 8080 (http) with context path ''
2023-04-25 19:31:03,291 INFO org.springframework.boot.StartupInfoLogger [main] Started RentCarV2Application in 6.413 seconds (JVM running for 7.399)
2023-04-25 19:31:03,299 INFO kg.mega.rentcarv2.util.CarStatusChecker [scheduling-1] Checking status...
2023-04-25 19:31:25,604 INFO org.apache.juli.logging.DirectJDKLog [http-nio-8080-exec-2] Initializing Spring DispatcherServlet 'dispatcherServlet'
2023-04-25 19:31:25,605 INFO org.springframework.web.servlet.FrameworkServlet [http-nio-8080-exec-2] Initializing Servlet 'dispatcherServlet'
2023-04-25 19:31:25,608 INFO org.springframework.web.servlet.FrameworkServlet [http-nio-8080-exec-2] Completed initialization in 3 ms
2023-04-25 19:32:03,412 INFO kg.mega.rentcarv2.util.CarStatusChecker [scheduling-1] Checking status...
2023-04-25 19:33:03,423 INFO kg.mega.rentcarv2.util.CarStatusChecker [scheduling-1] Checking status...
2023-04-25 19:34:03,429 INFO kg.mega.rentcarv2.util.CarStatusChecker [scheduling-1] Checking status...
2023-04-25 19:35:03,438 INFO kg.mega.rentcarv2.util.CarStatusChecker [scheduling-1] Checking status...
2023-04-25 19:35:38,520 INFO org.springframework.orm.jpa.AbstractEntityManagerFactoryBean [SpringApplicationShutdownHook] Closing JPA EntityManagerFactory for persistence unit 'default'
2023-04-25 19:35:38,526 INFO com.zaxxer.hikari.HikariDataSource [SpringApplicationShutdownHook] HikariPool-1 - Shutdown initiated...
2023-04-25 19:35:38,534 INFO com.zaxxer.hikari.HikariDataSource [SpringApplicationShutdownHook] HikariPool-1 - Shutdown completed.
2023-04-25 19:37:52,761 INFO org.springframework.boot.StartupInfoLogger [main] Starting RentCarV2Application using Java 11.0.18 on MacBook-Pro-Sanzhar.local with PID 16204 (/Users/sanjar/IdeaProjects/rentCarV2/target/classes started by sanjar in /Users/sanjar/IdeaProjects/rentCarV2)
2023-04-25 19:37:52,765 INFO org.springframework.boot.SpringApplication [main] No active profile set, falling back to 1 default profile: "default"
2023-04-25 19:37:53,781 INFO org.springframework.data.repository.config.RepositoryConfigurationDelegate [main] Bootstrapping Spring Data JPA repositories in DEFAULT mode.
2023-04-25 19:37:53,863 INFO org.springframework.data.repository.config.RepositoryConfigurationDelegate [main] Finished Spring Data repository scanning in 68 ms. Found 6 JPA repository interfaces.
2023-04-25 19:37:54,130 INFO org.springframework.cloud.context.scope.GenericScope [main] BeanFactory id=3bb56fb8-d5ef-30f1-92e3-2156e7ef36e0
2023-04-25 19:37:54,582 INFO org.springframework.boot.web.embedded.tomcat.TomcatWebServer [main] Tomcat initialized with port(s): 8080 (http)
2023-04-25 19:37:54,591 INFO org.apache.juli.logging.DirectJDKLog [main] Initializing ProtocolHandler ["http-nio-8080"]
2023-04-25 19:37:54,591 INFO org.apache.juli.logging.DirectJDKLog [main] Starting service [Tomcat]
2023-04-25 19:37:54,591 INFO org.apache.juli.logging.DirectJDKLog [main] Starting Servlet engine: [Apache Tomcat/9.0.73]
2023-04-25 19:37:54,702 INFO org.apache.juli.logging.DirectJDKLog [main] Initializing Spring embedded WebApplicationContext
2023-04-25 19:37:54,702 INFO org.springframework.boot.web.servlet.context.ServletWebServerApplicationContext [main] Root WebApplicationContext: initialization completed in 1893 ms
2023-04-25 19:37:54,915 INFO org.hibernate.jpa.internal.util.LogHelper [main] HHH000204: Processing PersistenceUnitInfo [name: default]
2023-04-25 19:37:54,977 INFO org.hibernate.Version [main] HHH000412: Hibernate ORM core version 5.6.15.Final
2023-04-25 19:37:55,131 INFO org.hibernate.annotations.common.reflection.java.JavaReflectionManager [main] HCANN000001: Hibernate Commons Annotations {5.1.2.Final}
2023-04-25 19:37:55,244 INFO com.zaxxer.hikari.HikariDataSource [main] HikariPool-1 - Starting...
2023-04-25 19:37:55,416 INFO com.zaxxer.hikari.HikariDataSource [main] HikariPool-1 - Start completed.
2023-04-25 19:37:55,447 INFO org.hibernate.dialect.Dialect [main] HHH000400: Using dialect: org.hibernate.dialect.PostgreSQL10Dialect
2023-04-25 19:37:56,141 INFO org.hibernate.engine.transaction.jta.platform.internal.JtaPlatformInitiator [main] HHH000490: Using JtaPlatform implementation: [org.hibernate.engine.transaction.jta.platform.internal.NoJtaPlatform]
2023-04-25 19:37:56,153 INFO org.springframework.orm.jpa.AbstractEntityManagerFactoryBean [main] Initialized JPA EntityManagerFactory for persistence unit 'default'
2023-04-25 19:37:56,734 WARN org.springframework.boot.autoconfigure.orm.jpa.JpaBaseConfiguration$JpaWebConfiguration [main] spring.jpa.open-in-view is enabled by default. Therefore, database queries may be performed during view rendering. Explicitly configure spring.jpa.open-in-view to disable this warning
2023-04-25 19:37:57,291 INFO org.springframework.security.web.DefaultSecurityFilterChain [main] Will secure any request with [org.springframework.security.web.session.DisableEncodeUrlFilter@69fa5536, org.springframework.security.web.context.request.async.WebAsyncManagerIntegrationFilter@1ee5792a, org.springframework.security.web.context.SecurityContextPersistenceFilter@63767d, org.springframework.security.web.header.HeaderWriterFilter@554db19d, org.springframework.security.web.csrf.CsrfFilter@36618b3b, org.springframework.security.web.authentication.logout.LogoutFilter@7057d9f4, org.springframework.security.web.authentication.UsernamePasswordAuthenticationFilter@335a45a8, org.springframework.security.web.savedrequest.RequestCacheAwareFilter@4c90fc3b, org.springframework.security.web.servletapi.SecurityContextHolderAwareRequestFilter@1e14ed59, org.springframework.security.web.authentication.AnonymousAuthenticationFilter@37f60cd4, org.springframework.security.web.session.SessionManagementFilter@4fe4b8b6, org.springframework.security.web.access.ExceptionTranslationFilter@5bdef8ee, org.springframework.security.web.access.intercept.FilterSecurityInterceptor@30b0d5a7]
